<?xml version="1.0" encoding="UTF-8"?>
<!-- Generated by org.testng.reporters.JUnitReportReporter -->
<testsuite hostname="Z-MAN" failures="0" tests="1" name="TestLogin.TestUserLogin" time="15.984" errors="0" timestamp="2025-03-07T20:42:19 IST" skipped="0">
  <testcase classname="TestLogin.TestUserLogin" name="testLoginIntoNetwork" time="15.984"/>
</testsuite> <!-- TestLogin.TestUserLogin -->
